#
# There is insufficient memory for the Java Runtime Environment to continue.
# Native memory allocation (malloc) failed to allocate 1048576 bytes for AllocateHeap
# Possible reasons:
#   The system is out of physical RAM or swap space
#   In 32 bit mode, the process size limit was hit
# Possible solutions:
#   Reduce memory load on the system
#   Increase physical memory or swap space
#   Check if swap backing store is full
#   Use 64 bit Java on a 64 bit OS
#   Decrease Java heap size (-Xmx/-Xms)
#   Decrease number of Java threads
#   Decrease Java thread stack sizes (-Xss)
#   Set larger code cache with -XX:ReservedCodeCacheSize=
# This output file may be truncated or incomplete.
#
#  Out of Memory Error (memory/allocation.inline.hpp:61), pid=7684, tid=0x0000000000004290
#
# JRE version:  (8.0_181-b13) (build )
# Java VM: Java HotSpot(TM) 64-Bit Server VM (25.181-b13 mixed mode windows-amd64 compressed oops)
# Failed to write core dump. Minidumps are not enabled by default on client versions of Windows
#

---------------  T H R E A D  ---------------

Current thread (0x0000000002997000):  JavaThread "Unknown thread" [_thread_in_vm, id=17040, stack(0x0000000002190000,0x0000000002290000)]

Stack: [0x0000000002190000,0x0000000002290000]
[error occurred during error reporting (printing stack bounds), id 0xc0000005]

Native frames: (J=compiled Java code, j=interpreted, Vv=VM code, C=native code)


---------------  P R O C E S S  ---------------

Java Threads: ( => current thread )

Other Threads:

=>0x0000000002997000 (exited) JavaThread "Unknown thread" [_thread_in_vm, id=17040, stack(0x0000000002190000,0x0000000002290000)]

VM state:not at safepoint (normal execution)

VM Mutex/Monitor currently owned by a thread: None

Heap:
 PSYoungGen      total 36864K, used 634K [0x00000000d6f80000, 0x00000000d9880000, 0x0000000100000000)
  eden space 31744K, 2% used [0x00000000d6f80000,0x00000000d701eb90,0x00000000d8e80000)
  from space 5120K, 0% used [0x00000000d9380000,0x00000000d9380000,0x00000000d9880000)
  to   space 5120K, 0% used [0x00000000d8e80000,0x00000000d8e80000,0x00000000d9380000)
 ParOldGen       total 84992K, used 0K [0x0000000084e00000, 0x000000008a100000, 0x00000000d6f80000)
  object space 84992K, 0% used [0x0000000084e00000,0x0000000084e00000,0x000000008a100000)
 Metaspace       used 775K, capacity 4480K, committed 4480K, reserved 1056768K
  class space    used 76K, capacity 384K, committed 384K, reserved 1048576K

Card table byte_map: [0x0000000011e50000,0x0000000012230000] byte_map_base: 0x0000000011a29000

Marking Bits: (ParMarkBitMap*) 0x0000000074d12d00
 Begin Bits: [0x00000000128d0000, 0x0000000014798000)
 End Bits:   [0x0000000014798000, 0x0000000016660000)

Polling page: 0x0000000000520000

CodeCache: size=245760Kb used=328Kb max_used=328Kb free=245431Kb
 bounds [0x0000000002a90000, 0x0000000002d00000, 0x0000000011a90000]
 total_blobs=58 nmethods=0 adapters=38
 compilation: enabled

Compilation events (0 events):
No events

GC Heap History (0 events):
No events

Deoptimization events (0 events):
No events

Classes redefined (0 events):
No events

Internal exceptions (0 events):
No events

Events (10 events):
Event: 0.100 loading class java/lang/Short
Event: 0.100 loading class java/lang/Short done
Event: 0.100 loading class java/lang/Integer
Event: 0.100 loading class java/lang/Integer done
Event: 0.100 loading class java/lang/Long
Event: 0.100 loading class java/lang/Long done
Event: 0.101 loading class java/lang/NullPointerException
Event: 0.102 loading class java/lang/NullPointerException done
Event: 0.102 loading class java/lang/ArithmeticException
Event: 0.102 loading class java/lang/ArithmeticException done


Dynamic libraries:
0x00007ff65de20000 - 0x00007ff65de57000 	E:\Java\jdk1.8.0_181\bin\java.exe
0x00007ff9d7f60000 - 0x00007ff9d8141000 	C:\WINDOWS\SYSTEM32\ntdll.dll
0x00007ff9d6d30000 - 0x00007ff9d6de2000 	C:\WINDOWS\System32\KERNEL32.DLL
0x00007ff9d5020000 - 0x00007ff9d5293000 	C:\WINDOWS\System32\KERNELBASE.dll
0x00007ff9d7070000 - 0x00007ff9d7111000 	C:\WINDOWS\System32\ADVAPI32.dll
0x00007ff9d6e00000 - 0x00007ff9d6e9e000 	C:\WINDOWS\System32\msvcrt.dll
0x00007ff9d75b0000 - 0x00007ff9d760b000 	C:\WINDOWS\System32\sechost.dll
0x00007ff9d77d0000 - 0x00007ff9d78f4000 	C:\WINDOWS\System32\RPCRT4.dll
0x00007ff9d7900000 - 0x00007ff9d7a90000 	C:\WINDOWS\System32\USER32.dll
0x00007ff9d43d0000 - 0x00007ff9d43f0000 	C:\WINDOWS\System32\win32u.dll
0x00007ff9d6b00000 - 0x00007ff9d6b28000 	C:\WINDOWS\System32\GDI32.dll
0x00007ff9d43f0000 - 0x00007ff9d4582000 	C:\WINDOWS\System32\gdi32full.dll
0x00007ff9d4330000 - 0x00007ff9d43cf000 	C:\WINDOWS\System32\msvcp_win.dll
0x00007ff9d52a0000 - 0x00007ff9d539a000 	C:\WINDOWS\System32\ucrtbase.dll
0x00007ff9bee50000 - 0x00007ff9bf0b9000 	C:\WINDOWS\WinSxS\amd64_microsoft.windows.common-controls_6595b64144ccf1df_6.0.17134.345_none_fb429a5930656358\COMCTL32.dll
0x00007ff9d7180000 - 0x00007ff9d74a3000 	C:\WINDOWS\System32\combase.dll
0x00007ff9d4db0000 - 0x00007ff9d4e2a000 	C:\WINDOWS\System32\bcryptPrimitives.dll
0x00007ff9d7ef0000 - 0x00007ff9d7f1d000 	C:\WINDOWS\System32\IMM32.DLL
0x0000000074da0000 - 0x0000000074e72000 	E:\Java\jdk1.8.0_181\jre\bin\msvcr100.dll
0x00000000744f0000 - 0x0000000074d92000 	E:\Java\jdk1.8.0_181\jre\bin\server\jvm.dll
0x00007ff9d7ee0000 - 0x00007ff9d7ee8000 	C:\WINDOWS\System32\PSAPI.DLL
0x00007ff9c0800000 - 0x00007ff9c0809000 	C:\WINDOWS\SYSTEM32\WSOCK32.dll
0x00007ff9d7000000 - 0x00007ff9d706c000 	C:\WINDOWS\System32\WS2_32.dll
0x00007ff9d2300000 - 0x00007ff9d2323000 	C:\WINDOWS\SYSTEM32\WINMM.dll
0x00007ff9c8450000 - 0x00007ff9c845a000 	C:\WINDOWS\SYSTEM32\VERSION.dll
0x00007ff9d22d0000 - 0x00007ff9d22fa000 	C:\WINDOWS\SYSTEM32\WINMMBASE.dll
0x00007ff9d53a0000 - 0x00007ff9d53e9000 	C:\WINDOWS\System32\cfgmgr32.dll
0x00000000744e0000 - 0x00000000744ef000 	E:\Java\jdk1.8.0_181\jre\bin\verify.dll
0x00000000744b0000 - 0x00000000744d9000 	E:\Java\jdk1.8.0_181\jre\bin\java.dll
0x00000000743d0000 - 0x00000000743f3000 	E:\Java\jdk1.8.0_181\jre\bin\instrument.dll
0x0000000074490000 - 0x00000000744a6000 	E:\Java\jdk1.8.0_181\jre\bin\zip.dll

VM Arguments:
jvm_args: -Dvisualvm.id=108225718675315 -ea -Didea.test.cyclic.buffer.size=1048576 -javaagent:E:\IDEA-2017\lib\idea_rt.jar=54390:E:\IDEA-2017\bin -Dfile.encoding=GBK 
java_command: com.intellij.rt.execution.junit.JUnitStarter -ideVersion5 -junit5 test1.TestZip,Test3
java_class_path (initial): E:\IDEA-2017\lib\idea_rt.jar;E:\IDEA-2017\plugins\junit\lib\junit-rt.jar;E:\IDEA-2017\plugins\junit\lib\junit5-rt.jar;E:\Java\maven-repository\org\junit\platform\junit-platform-launcher\1.1.1\junit-platform-launcher-1.1.1.jar;E:\Java\maven-repository\org\apiguardian\apiguardian-api\1.0.0\apiguardian-api-1.0.0.jar;E:\Java\maven-repository\org\junit\platform\junit-platform-engine\1.1.1\junit-platform-engine-1.1.1.jar;E:\Java\maven-repository\org\junit\platform\junit-platform-commons\1.1.1\junit-platform-commons-1.1.1.jar;E:\Java\maven-repository\org\opentest4j\opentest4j\1.0.0\opentest4j-1.0.0.jar;E:\Java\maven-repository\org\junit\jupiter\junit-jupiter-engine\5.1.1\junit-jupiter-engine-5.1.1.jar;E:\Java\maven-repository\org\junit\jupiter\junit-jupiter-api\5.1.1\junit-jupiter-api-5.1.1.jar;E:\Java\maven-repository\org\junit\vintage\junit-vintage-engine\5.1.1\junit-vintage-engine-5.1.1.jar;E:\Java\jdk1.8.0_181\jre\lib\charsets.jar;E:\Java\jdk1.8.0_181\jre\lib\deploy.jar;E:\Java\jdk1.8.0_181\jre\lib\ext\access-bridge-64.jar;E:\Java\jdk1.8.0_181\jre\lib\ext\cldrdata.jar;E:\Java\jdk1.8.0_181\jre\lib\ext\dnsns.jar;E:\Java\jdk1.8.0_181\jre\lib\ext\jaccess.jar;E:\Java\jdk1.8.0_181\jre\lib\ext\jfxrt.jar;E:\Java\jdk1.8.0_181\jre\lib\ext\localedata.jar;E:\Java\jdk1.8.0_181\jre\lib\ext\nashorn.jar;E:\Java\jdk1.8.0_181\jre\lib\ext\sunec.jar;E:\Java\jdk1.8.0_181\jre\lib\ext\sunjce_provider.jar;E:\Java\jdk1.8.0_181\jre\lib\ext\sunmscapi.jar;E:\Java\jdk1.8.0_181\jre\lib\ext\sunpkcs11.jar;E:\Java\jdk1.8.0_181\jre\lib\ext\zipfs.jar;E:\Java\jdk1.8.0_181\jre\lib\javaws.jar;E:\Java\jdk1.8.0_181\jre\lib\jce.jar;E:\Java\jdk1.8.0_181\jre\lib\jfr.jar;E:\Java\jdk1.8.0_181\jre\lib\jfxswt.jar;E:\Java\jdk1.8.0_181\jre\lib\jsse.jar;E:\Java\jdk1.8.0_181\jre\lib\management-agent.jar;E:\Java\jdk1.8.0_181\jre\lib\plugin.jar;E:\Java\jdk1.8.0_181\jre\lib\resources.jar;E:\Java\jdk1.8.0_181\jre\lib\rt.jar;D:\Workspaces\idea\demo-java\target\test-classes;D:\Workspaces\idea\dem
Launcher Type: SUN_STANDARD

Environment Variables:
JAVA_HOME=E:\Java\jdk1.8.0_181;E:\Java\jdk-11
JRE_HOME=E:\Java\jdk1.8.0_181;E:\Java\jdk-11\jre
CLASSPATH=C:\Program Files (x86)\Altova\xmlspy\XMLSpyInterface.jar
PATH=E:\Python37\Scripts\;E:\Python37\;C:\Program Files (x86)\Common Files\NetSarang;E:\oracle\product\11.2.0\dbhome_1\bin;C:\Program Files (x86)\Common Files\Oracle\Java\javapath;C:\WINDOWS\system32;C:\WINDOWS;C:\WINDOWS\System32\Wbem;C:\WINDOWS\System32\WindowsPowerShell\v1.0\;E:\Java\apache-maven-3.5.4\bin;E:\Java\Subversion\bin;E:\TortoiseSVN\bin;E:\nodejs\;C:\Program Files\Git\cmd;%SPRING_HOOME%\bin;D:\groovy-2.5.1\bin;E:\Java\jdk1.8.0_181;E:\Java\jdk-11\bin;C:\WINDOWS\System32\OpenSSH\;C:\Users\x1c\AppData\Local\Microsoft\WindowsApps;C:\Users\x1c\AppData\Roaming\npm;E:\DockerToolbox;
USERNAME=x1c
OS=Windows_NT
PROCESSOR_IDENTIFIER=Intel64 Family 6 Model 69 Stepping 1, GenuineIntel



---------------  S Y S T E M  ---------------

OS: Windows 10.0 , 64 bit Build 17134 (10.0.17134.1)

CPU:total 4 (initial active 4) (2 cores per cpu, 2 threads per core) family 6 model 69 stepping 1, cmov, cx8, fxsr, mmx, sse, sse2, sse3, ssse3, sse4.1, sse4.2, popcnt, avx, avx2, aes, clmul, erms, lzcnt, ht, tsc, tscinvbit, bmi1, bmi2

Memory: 4k page, physical 8067820k(1140556k free), swap 15932392k(4292k free)

vm_info: Java HotSpot(TM) 64-Bit Server VM (25.181-b13) for windows-amd64 JRE (1.8.0_181-b13), built on Jul  7 2018 04:01:33 by "java_re" with MS VC++ 10.0 (VS2010)

time: Tue Oct 16 16:32:51 2018
elapsed time: 0 seconds (0d 0h 0m 0s)

